Determining if the pthread_create exist failed with the following output:
Change Dir: /home/hkedo/MQTT/256dpi/lwmqtt/build/CMakeFiles/CMakeTmp

Run Build Command:"/usr/bin/make" "cmTC_5437a/fast"
/usr/bin/make -f CMakeFiles/cmTC_5437a.dir/build.make CMakeFiles/cmTC_5437a.dir/build
make[1]: Entering directory '/home/hkedo/MQTT/256dpi/lwmqtt/build/CMakeFiles/CMakeTmp'
Building C object CMakeFiles/cmTC_5437a.dir/CheckSymbolExists.c.o
/usr/bin/gcc    -o CMakeFiles/cmTC_5437a.dir/CheckSymbolExists.c.o   -c /home/hkedo/MQTT/256dpi/lwmqtt/build/CMakeFiles/CMakeTmp/CheckSymbolExists.c
Linking C executable cmTC_5437a
/usr/bin/cmake -E cmake_link_script CMakeFiles/cmTC_5437a.dir/link.txt --verbose=1
/usr/bin/gcc      -rdynamic CMakeFiles/cmTC_5437a.dir/CheckSymbolExists.c.o  -o cmTC_5437a 
CMakeFiles/cmTC_5437a.dir/CheckSymbolExists.c.o: In function `main':
CheckSymbolExists.c:(.text+0x1b): undefined reference to `pthread_create'
collect2: error: ld returned 1 exit status
CMakeFiles/cmTC_5437a.dir/build.make:97: recipe for target 'cmTC_5437a' failed
make[1]: *** [cmTC_5437a] Error 1
make[1]: Leaving directory '/home/hkedo/MQTT/256dpi/lwmqtt/build/CMakeFiles/CMakeTmp'
Makefile:126: recipe for target 'cmTC_5437a/fast' failed
make: *** [cmTC_5437a/fast] Error 2

File /home/hkedo/MQTT/256dpi/lwmqtt/build/CMakeFiles/CMakeTmp/CheckSymbolExists.c:
/* */
#include <pthread.h>

int main(int argc, char** argv)
{
  (void)argv;
#ifndef pthread_create
  return ((int*)(&pthread_create))[argc];
#else
  (void)argc;
  return 0;
#endif
}

